<?xml version="1.0" encoding="UTF-8"?>
<testsuite xmlns:xsi="http://www.w3.org/2001/XMLSchema-instance" xsi:noNamespaceSchemaLocation="https://maven.apache.org/surefire/maven-surefire-plugin/xsd/surefire-test-report.xsd" name="com.dataframe.converter.DataFrameToSQLConverterTest" time="0.039" tests="8" errors="0" skipped="0" failures="3">
  <properties>
    <property name="java.specification.version" value="23"/>
    <property name="sun.jnu.encoding" value="UTF-8"/>
    <property name="java.class.path" value="/Users/saboor/Documents/Projects/Codes/Spark2SQL/target/test-classes:/Users/saboor/Documents/Projects/Codes/Spark2SQL/target/classes:/Users/saboor/.m2/repository/org/antlr/antlr4-runtime/4.9.3/antlr4-runtime-4.9.3.jar:/Users/saboor/.m2/repository/org/slf4j/slf4j-api/1.7.36/slf4j-api-1.7.36.jar:/Users/saboor/.m2/repository/org/junit/jupiter/junit-jupiter-api/5.10.1/junit-jupiter-api-5.10.1.jar:/Users/saboor/.m2/repository/org/opentest4j/opentest4j/1.3.0/opentest4j-1.3.0.jar:/Users/saboor/.m2/repository/org/junit/platform/junit-platform-commons/1.10.1/junit-platform-commons-1.10.1.jar:/Users/saboor/.m2/repository/org/apiguardian/apiguardian-api/1.1.2/apiguardian-api-1.1.2.jar:/Users/saboor/.m2/repository/org/junit/jupiter/junit-jupiter-engine/5.10.1/junit-jupiter-engine-5.10.1.jar:/Users/saboor/.m2/repository/org/junit/platform/junit-platform-engine/1.10.1/junit-platform-engine-1.10.1.jar:/Users/saboor/.m2/repository/org/mockito/mockito-core/4.5.1/mockito-core-4.5.1.jar:/Users/saboor/.m2/repository/net/bytebuddy/byte-buddy/1.12.9/byte-buddy-1.12.9.jar:/Users/saboor/.m2/repository/net/bytebuddy/byte-buddy-agent/1.12.9/byte-buddy-agent-1.12.9.jar:/Users/saboor/.m2/repository/org/objenesis/objenesis/3.2/objenesis-3.2.jar:/Users/saboor/.m2/repository/org/assertj/assertj-core/3.22.0/assertj-core-3.22.0.jar:/Users/saboor/.m2/repository/junit/junit/4.13.2/junit-4.13.2.jar:/Users/saboor/.m2/repository/org/hamcrest/hamcrest-core/1.3/hamcrest-core-1.3.jar:"/>
    <property name="java.vm.vendor" value="Homebrew"/>
    <property name="sun.arch.data.model" value="64"/>
    <property name="java.vendor.url" value="https://github.com/Homebrew/homebrew-core/issues"/>
    <property name="os.name" value="Mac OS X"/>
    <property name="java.vm.specification.version" value="23"/>
    <property name="sun.java.launcher" value="SUN_STANDARD"/>
    <property name="user.country" value="IN"/>
    <property name="sun.boot.library.path" value="/opt/homebrew/Cellar/openjdk/23.0.1/libexec/openjdk.jdk/Contents/Home/lib"/>
    <property name="sun.java.command" value="/Users/saboor/Documents/Projects/Codes/Spark2SQL/target/surefire/surefirebooter84331071099062810.jar /Users/saboor/Documents/Projects/Codes/Spark2SQL/target/surefire 2024-12-03T01-07-47_754-jvmRun1 surefire140681967888317952tmp surefire_01010921328894523800tmp"/>
    <property name="http.nonProxyHosts" value="local|*.local|169.254/16|*.169.254/16"/>
    <property name="jdk.debug" value="release"/>
    <property name="surefire.test.class.path" value="/Users/saboor/Documents/Projects/Codes/Spark2SQL/target/test-classes:/Users/saboor/Documents/Projects/Codes/Spark2SQL/target/classes:/Users/saboor/.m2/repository/org/antlr/antlr4-runtime/4.9.3/antlr4-runtime-4.9.3.jar:/Users/saboor/.m2/repository/org/slf4j/slf4j-api/1.7.36/slf4j-api-1.7.36.jar:/Users/saboor/.m2/repository/org/junit/jupiter/junit-jupiter-api/5.10.1/junit-jupiter-api-5.10.1.jar:/Users/saboor/.m2/repository/org/opentest4j/opentest4j/1.3.0/opentest4j-1.3.0.jar:/Users/saboor/.m2/repository/org/junit/platform/junit-platform-commons/1.10.1/junit-platform-commons-1.10.1.jar:/Users/saboor/.m2/repository/org/apiguardian/apiguardian-api/1.1.2/apiguardian-api-1.1.2.jar:/Users/saboor/.m2/repository/org/junit/jupiter/junit-jupiter-engine/5.10.1/junit-jupiter-engine-5.10.1.jar:/Users/saboor/.m2/repository/org/junit/platform/junit-platform-engine/1.10.1/junit-platform-engine-1.10.1.jar:/Users/saboor/.m2/repository/org/mockito/mockito-core/4.5.1/mockito-core-4.5.1.jar:/Users/saboor/.m2/repository/net/bytebuddy/byte-buddy/1.12.9/byte-buddy-1.12.9.jar:/Users/saboor/.m2/repository/net/bytebuddy/byte-buddy-agent/1.12.9/byte-buddy-agent-1.12.9.jar:/Users/saboor/.m2/repository/org/objenesis/objenesis/3.2/objenesis-3.2.jar:/Users/saboor/.m2/repository/org/assertj/assertj-core/3.22.0/assertj-core-3.22.0.jar:/Users/saboor/.m2/repository/junit/junit/4.13.2/junit-4.13.2.jar:/Users/saboor/.m2/repository/org/hamcrest/hamcrest-core/1.3/hamcrest-core-1.3.jar:"/>
    <property name="sun.cpu.endian" value="little"/>
    <property name="user.home" value="/Users/saboor"/>
    <property name="user.language" value="en"/>
    <property name="java.specification.vendor" value="Oracle Corporation"/>
    <property name="java.version.date" value="2024-10-15"/>
    <property name="java.home" value="/opt/homebrew/Cellar/openjdk/23.0.1/libexec/openjdk.jdk/Contents/Home"/>
    <property name="file.separator" value="/"/>
    <property name="basedir" value="/Users/saboor/Documents/Projects/Codes/Spark2SQL"/>
    <property name="java.vm.compressedOopsMode" value="Zero based"/>
    <property name="line.separator" value="&#10;"/>
    <property name="java.vm.specification.vendor" value="Oracle Corporation"/>
    <property name="java.specification.name" value="Java Platform API Specification"/>
    <property name="apple.awt.application.name" value="ForkedBooter"/>
    <property name="surefire.real.class.path" value="/Users/saboor/Documents/Projects/Codes/Spark2SQL/target/surefire/surefirebooter84331071099062810.jar"/>
    <property name="sun.management.compiler" value="HotSpot 64-Bit Tiered Compilers"/>
    <property name="ftp.nonProxyHosts" value="local|*.local|169.254/16|*.169.254/16"/>
    <property name="java.runtime.version" value="23.0.1"/>
    <property name="user.name" value="saboor"/>
    <property name="stdout.encoding" value="UTF-8"/>
    <property name="path.separator" value=":"/>
    <property name="os.version" value="15.1"/>
    <property name="java.runtime.name" value="OpenJDK Runtime Environment"/>
    <property name="file.encoding" value="UTF-8"/>
    <property name="java.vm.name" value="OpenJDK 64-Bit Server VM"/>
    <property name="java.vendor.version" value="Homebrew"/>
    <property name="localRepository" value="/Users/saboor/.m2/repository"/>
    <property name="java.vendor.url.bug" value="https://github.com/Homebrew/homebrew-core/issues"/>
    <property name="java.io.tmpdir" value="/var/folders/05/4jsm9f0j3633t2932ktlkffh0000gn/T/"/>
    <property name="java.version" value="23.0.1"/>
    <property name="user.dir" value="/Users/saboor/Documents/Projects/Codes/Spark2SQL"/>
    <property name="os.arch" value="aarch64"/>
    <property name="java.vm.specification.name" value="Java Virtual Machine Specification"/>
    <property name="native.encoding" value="UTF-8"/>
    <property name="java.library.path" value="/Users/saboor/Library/Java/Extensions:/Library/Java/Extensions:/Network/Library/Java/Extensions:/System/Library/Java/Extensions:/usr/lib/java:."/>
    <property name="java.vm.info" value="mixed mode, sharing"/>
    <property name="stderr.encoding" value="UTF-8"/>
    <property name="java.vendor" value="Homebrew"/>
    <property name="java.vm.version" value="23.0.1"/>
    <property name="sun.io.unicode.encoding" value="UnicodeBig"/>
    <property name="socksNonProxyHosts" value="local|*.local|169.254/16|*.169.254/16"/>
    <property name="java.class.version" value="67.0"/>
  </properties>
  <testcase name="testJoinWithOrderBy" classname="com.dataframe.converter.DataFrameToSQLConverterTest" time="0.024">
    <failure message="expected: &lt;SELECT orders.id, customers.name FROM `orders` INNER JOIN customers ON orders.customer_id = customers.id ORDER BY orders.id DESC&gt; but was: &lt;SELECT orders.id, customers.name FROM `orders` INNER JOIN `customers` ON orders.customer_id = customers.id ORDER BY orders.id DESC&gt;" type="org.opentest4j.AssertionFailedError"><![CDATA[org.opentest4j.AssertionFailedError: expected: <SELECT orders.id, customers.name FROM `orders` INNER JOIN customers ON orders.customer_id = customers.id ORDER BY orders.id DESC> but was: <SELECT orders.id, customers.name FROM `orders` INNER JOIN `customers` ON orders.customer_id = customers.id ORDER BY orders.id DESC>
	at com.dataframe.converter.DataFrameToSQLConverterTest.testJoinWithOrderBy(DataFrameToSQLConverterTest.java:92)
]]></failure>
  </testcase>
  <testcase name="testLimit" classname="com.dataframe.converter.DataFrameToSQLConverterTest" time="0"/>
  <testcase name="testValidation" classname="com.dataframe.converter.DataFrameToSQLConverterTest" time="0.001"/>
  <testcase name="testSelectWithWhere" classname="com.dataframe.converter.DataFrameToSQLConverterTest" time="0"/>
  <testcase name="testGroupByWithHaving" classname="com.dataframe.converter.DataFrameToSQLConverterTest" time="0.001"/>
  <testcase name="testWindowFunction" classname="com.dataframe.converter.DataFrameToSQLConverterTest" time="0"/>
  <testcase name="testDistinct" classname="com.dataframe.converter.DataFrameToSQLConverterTest" time="0">
    <failure message="expected: &lt;SELECT DISTINCT category FROM `products`&gt; but was: &lt;SELECT category FROM `products`&gt;" type="org.opentest4j.AssertionFailedError"><![CDATA[org.opentest4j.AssertionFailedError: expected: <SELECT DISTINCT category FROM `products`> but was: <SELECT category FROM `products`>
	at com.dataframe.converter.DataFrameToSQLConverterTest.testDistinct(DataFrameToSQLConverterTest.java:122)
]]></failure>
  </testcase>
  <testcase name="testMultipleJoins" classname="com.dataframe.converter.DataFrameToSQLConverterTest" time="0.001">
    <failure message="expected: &lt;SELECT orders.id, customers.name, products.name FROM `orders` INNER JOIN customers ON orders.customer_id = customers.id INNER JOIN products ON orders.product_id = products.id&gt; but was: &lt;SELECT orders.id, customers.name, products.name FROM `orders` INNER JOIN `customers` ON orders.customer_id = customers.id INNER JOIN `products` ON orders.product_id = products.id&gt;" type="org.opentest4j.AssertionFailedError"><![CDATA[org.opentest4j.AssertionFailedError: expected: <SELECT orders.id, customers.name, products.name FROM `orders` INNER JOIN customers ON orders.customer_id = customers.id INNER JOIN products ON orders.product_id = products.id> but was: <SELECT orders.id, customers.name, products.name FROM `orders` INNER JOIN `customers` ON orders.customer_id = customers.id INNER JOIN `products` ON orders.product_id = products.id>
	at com.dataframe.converter.DataFrameToSQLConverterTest.testMultipleJoins(DataFrameToSQLConverterTest.java:45)
]]></failure>
  </testcase>
</testsuite>